<?xml version="1.0" encoding="UTF-8"?>
<testsuite xmlns:xsi="http://www.w3.org/2001/XMLSchema-instance" xsi:noNamespaceSchemaLocation="https://maven.apache.org/surefire/maven-surefire-plugin/xsd/surefire-test-report.xsd" name="edu.brandeis.cosi103a.ip1.AppTest" time="0.03" tests="42" errors="0" skipped="0" failures="0">
  <properties>
[...]
</properties>
  <testcase name="testBuyingWithLimitedCoins" classname="edu.brandeis.cosi103a.ip1.AppTest" time="0.003"/>
  <testcase name="testPlayerAddToDeck" classname="edu.brandeis.cosi103a.ip1.AppTest" time="0"/>
  <testcase name="testCryptoCurrencyCardToString" classname="edu.brandeis.cosi103a.ip1.AppTest" time="0"/>
  <testcase name="testPlayerDrawCards" classname="edu.brandeis.cosi103a.ip1.AppTest" time="0"/>
  <testcase name="testCryptoCurrencyCardCost" classname="edu.brandeis.cosi103a.ip1.AppTest" time="0"/>
  <testcase name="testCryptoCurrencyCardName" classname="edu.brandeis.cosi103a.ip1.AppTest" time="0"/>
  <testcase name="testBuyingReducesSupplyCount" classname="edu.brandeis.cosi103a.ip1.AppTest" time="0"/>
  <testcase name="testSupplyGetCardCostInvalid" classname="edu.brandeis.cosi103a.ip1.AppTest" time="0"/>
  <testcase name="testPlayerBuyCardWithInsufficientCoins" classname="edu.brandeis.cosi103a.ip1.AppTest" time="0"/>
  <testcase name="testPlayerDrawCardsMoreThanDeck" classname="edu.brandeis.cosi103a.ip1.AppTest" time="0"/>
  <testcase name="testSupplyIsAvailable" classname="edu.brandeis.cosi103a.ip1.AppTest" time="0"/>
  <testcase name="testSupplyTakeCard" classname="edu.brandeis.cosi103a.ip1.AppTest" time="0"/>
  <testcase name="testSupplyRemainingCount" classname="edu.brandeis.cosi103a.ip1.AppTest" time="0"/>
  <testcase name="testAutomationCardIsAutomation" classname="edu.brandeis.cosi103a.ip1.AppTest" time="0"/>
  <testcase name="testAutomationCardValue" classname="edu.brandeis.cosi103a.ip1.AppTest" time="0"/>
  <testcase name="testSupplyAreFrameworksEmpty" classname="edu.brandeis.cosi103a.ip1.AppTest" time="0"/>
  <testcase name="testPlayerShuffleDeck" classname="edu.brandeis.cosi103a.ip1.AppTest" time="0"/>
  <testcase name="testPlayerPlayAllCryptocurrency" classname="edu.brandeis.cosi103a.ip1.AppTest" time="0"/>
  <testcase name="testBuyCryptoCurrencyWhenAutomationNotAffordable" classname="edu.brandeis.cosi103a.ip1.AppTest" time="0.001"/>
  <testcase name="testBuyingSequentialDecreasesSupply" classname="edu.brandeis.cosi103a.ip1.AppTest" time="0"/>
  <testcase name="testNoCardPurchaseWithZeroCoins" classname="edu.brandeis.cosi103a.ip1.AppTest" time="0"/>
  <testcase name="testSupplyTakeCardExhausted" classname="edu.brandeis.cosi103a.ip1.AppTest" time="0"/>
  <testcase name="testAutomationCardCost" classname="edu.brandeis.cosi103a.ip1.AppTest" time="0"/>
  <testcase name="testAutomationCardName" classname="edu.brandeis.cosi103a.ip1.AppTest" time="0.001"/>
  <testcase name="testSupplyInitialization" classname="edu.brandeis.cosi103a.ip1.AppTest" time="0"/>
  <testcase name="testBuyingEmptySupplyPile" classname="edu.brandeis.cosi103a.ip1.AppTest" time="0"/>
  <testcase name="testMultiplePlayersWithSupply" classname="edu.brandeis.cosi103a.ip1.AppTest" time="0"/>
  <testcase name="testPlayerAddToDiscard" classname="edu.brandeis.cosi103a.ip1.AppTest" time="0"/>
  <testcase name="testPlayerRecycleDiscard" classname="edu.brandeis.cosi103a.ip1.AppTest" time="0.001"/>
  <testcase name="testSupplyCardCosts" classname="edu.brandeis.cosi103a.ip1.AppTest" time="0"/>
  <testcase name="testCryptoCurrencyCardValue" classname="edu.brandeis.cosi103a.ip1.AppTest" time="0"/>
  <testcase name="testBuyingAddsCardToDiscard" classname="edu.brandeis.cosi103a.ip1.AppTest" time="0"/>
  <testcase name="testCardTypeDistinction" classname="edu.brandeis.cosi103a.ip1.AppTest" time="0"/>
  <testcase name="testBuyingAutomationCardPriority" classname="edu.brandeis.cosi103a.ip1.AppTest" time="0"/>
  <testcase name="testBuyingReturnValue" classname="edu.brandeis.cosi103a.ip1.AppTest" time="0"/>
  <testcase name="testBuyingStrategyAutomationFirst" classname="edu.brandeis.cosi103a.ip1.AppTest" time="0"/>
  <testcase name="testPlayerName" classname="edu.brandeis.cosi103a.ip1.AppTest" time="0"/>
  <testcase name="testBuyingMultipleCards" classname="edu.brandeis.cosi103a.ip1.AppTest" time="0"/>
  <testcase name="testAutomationCardToString" classname="edu.brandeis.cosi103a.ip1.AppTest" time="0"/>
  <testcase name="testCryptoCurrencyCardIsNotAutomation" classname="edu.brandeis.cosi103a.ip1.AppTest" time="0.001"/>
  <testcase name="testSupplyTakeCardMultiple" classname="edu.brandeis.cosi103a.ip1.AppTest" time="0"/>
  <testcase name="testPlayerGameFlow" classname="edu.brandeis.cosi103a.ip1.AppTest" time="0"/>
</testsuite>